This is pdfTeX, Version 3.141592653-2.6-1.40.23 (TeX Live 2021/W32TeX) (preloaded format=pdflatex 2021.12.22)  7 SEP 2022 14:21
entering extended mode
 restricted \write18 enabled.
 %&-line parsing enabled.
**0907_moving_average.tex
(./0907_moving_average.tex
LaTeX2e <2021-11-15> patch level 1
L3 programming layer <2021-11-22>
(c:/texlive/2021/texmf-dist/tex/latex/base/article.cls
Document Class: article 2021/10/04 v1.4n Standard LaTeX document class
(c:/texlive/2021/texmf-dist/tex/latex/base/size10.clo
File: size10.clo 2021/10/04 v1.4n Standard LaTeX file (size option)
)
\c@part=\count183
\c@section=\count184
\c@subsection=\count185
\c@subsubsection=\count186
\c@paragraph=\count187
\c@subparagraph=\count188
\c@figure=\count189
\c@table=\count190
\abovecaptionskip=\skip47
\belowcaptionskip=\skip48
\bibindent=\dimen138
)
(c:/texlive/2021/texmf-dist/tex/latex/cjk-ko/kotex.sty
Package: kotex 2015/04/19 v1.6 Korean TeX (ko.TeX)

(c:/texlive/2021/texmf-dist/tex/latex/kotex-utf/kotex.cfg)
(c:/texlive/2021/texmf-dist/tex/latex/kotex-utf/kotexutf.sty
Package: kotexutf 2015/07/18 v2.1.1 typesetting UTF-8 Korean documents

(c:/texlive/2021/texmf-dist/tex/latex/base/inputenc.sty
Package: inputenc 2021/02/14 v1.3d Input encoding file
\inpenc@prehook=\toks16
\inpenc@posthook=\toks17
)
(c:/texlive/2021/texmf-dist/tex/plain/kotex-plain/kotexutf-core.tex
\unih@ngulpoint=\count191
\dhucs@emph@raise=\dimen139
)
Now handling font encoding LUC ...
... processing UTF-8 mapping file for font encoding LUC

(c:/texlive/2021/texmf-dist/tex/latex/kotex-utf/lucenc.dfu
File: lucenc.dfu 2007/09/05 UTF-8 support for dhucs
   defining Unicode char U+00B7 (decimal 183)
   defining Unicode char U+2018 (decimal 8216)
   defining Unicode char U+2019 (decimal 8217)
   defining Unicode char U+201C (decimal 8220)
   defining Unicode char U+201D (decimal 8221)
   defining Unicode char U+3001 (decimal 12289)
   defining Unicode char U+3002 (decimal 12290)
   defining Unicode char U+3008 (decimal 12296)
   defining Unicode char U+3009 (decimal 12297)
   defining Unicode char U+300A (decimal 12298)
   defining Unicode char U+300B (decimal 12299)
   defining Unicode char U+300C (decimal 12300)
   defining Unicode char U+300D (decimal 12301)
   defining Unicode char U+300E (decimal 12302)
   defining Unicode char U+300F (decimal 12303)
   defining Unicode char U+3010 (decimal 12304)
   defining Unicode char U+3011 (decimal 12305)
   defining Unicode char U+3014 (decimal 12308)
   defining Unicode char U+3015 (decimal 12309)
   defining Unicode char U+3016 (decimal 12310)
   defining Unicode char U+3017 (decimal 12311)
   defining Unicode char U+3018 (decimal 12312)
   defining Unicode char U+3019 (decimal 12313)
   defining Unicode char U+301A (decimal 12314)
   defining Unicode char U+301B (decimal 12315)
   defining Unicode char U+FF01 (decimal 65281)
   defining Unicode char U+FF08 (decimal 65288)
   defining Unicode char U+FF09 (decimal 65289)
   defining Unicode char U+FF0C (decimal 65292)
   defining Unicode char U+FF0E (decimal 65294)
   defining Unicode char U+FF1A (decimal 65306)
   defining Unicode char U+FF1B (decimal 65307)
   defining Unicode char U+FF1C (decimal 65308)
   defining Unicode char U+FF1D (decimal 65309)
   defining Unicode char U+FF1E (decimal 65310)
   defining Unicode char U+FF1F (decimal 65311)
   defining Unicode char U+FF3B (decimal 65339)
   defining Unicode char U+FF3D (decimal 65341)
   defining Unicode char U+FF5B (decimal 65371)
   defining Unicode char U+FF5D (decimal 65373)
   defining Unicode char U+FF61 (decimal 65377)
   defining Unicode char U+FF62 (decimal 65378)
   defining Unicode char U+FF63 (decimal 65379)
   defining Unicode char U+FF64 (decimal 65380)
   defining Unicode char U+FF65 (decimal 65381)
)
\@josa=\count192
\josatoks=\toks18

(c:/texlive/2021/texmf-dist/tex/latex/cjk-ko/kolabels-utf.sty
Package: kolabels-utf 2015/03/20 v1.5 UTF-8 Hangul item labels
)))
(c:/texlive/2021/texmf-dist/tex/latex/l3backend/l3backend-pdftex.def
File: l3backend-pdftex.def 2021-12-14 L3 backend support: PDF output (pdfTeX)
\l__color_backend_stack_int=\count193
\l__pdf_internal_box=\box50
)
(./0907_moving_average.aux)
\openout1 = `0907_moving_average.aux'.

LaTeX Font Info:    Checking defaults for OML/cmm/m/it on input line 4.
LaTeX Font Info:    ... okay on input line 4.
LaTeX Font Info:    Checking defaults for OMS/cmsy/m/n on input line 4.
LaTeX Font Info:    ... okay on input line 4.
LaTeX Font Info:    Checking defaults for OT1/cmr/m/n on input line 4.
LaTeX Font Info:    ... okay on input line 4.
LaTeX Font Info:    Checking defaults for T1/cmr/m/n on input line 4.
LaTeX Font Info:    ... okay on input line 4.
LaTeX Font Info:    Checking defaults for TS1/cmr/m/n on input line 4.
LaTeX Font Info:    ... okay on input line 4.
LaTeX Font Info:    Checking defaults for OMX/cmex/m/n on input line 4.
LaTeX Font Info:    ... okay on input line 4.
LaTeX Font Info:    Checking defaults for U/cmr/m/n on input line 4.
LaTeX Font Info:    ... okay on input line 4.
LaTeX Font Info:    Checking defaults for LUC/nanummj/m/n on input line 4.
LaTeX Font Info:    Trying to load font information for LUC+nanummj on input li
ne 4.

(c:/texlive/2021/texmf-dist/tex/latex/nanumtype1/lucnanummj.fd
File: lucnanummj.fd 2013/02/12 v0.1 Nanum Myeongjo font definitions
)
LaTeX Font Info:    ... okay on input line 4.
LaTeX Font Info:    External font `cmex10' loaded for size
(Font)              <7> on input line 6.
LaTeX Font Info:    External font `cmex10' loaded for size
(Font)              <5> on input line 6.
 [1

{c:/texlive/2021/texmf-var/fonts/map/pdftex/updmap/pdftex.map}] (./0907_moving_
average.aux) ) 
Here is how much of TeX's memory you used:
 903 strings out of 478353
 16172 string characters out of 5852100
 319894 words of memory out of 5000000
 19050 multiletter control sequences out of 15000+600000
 413094 words of font info for 60 fonts, out of 8000000 for 9000
 1141 hyphenation exceptions out of 8191
 56i,9n,62p,203b,197s stack positions out of 5000i,500n,10000p,200000b,80000s
<c:/texlive/2021/texmf-dist/fonts/type1/public/amsfonts/cm/cmmi10
.pfb><c:/texlive/2021/texmf-dist/fonts/type1/public/amsfonts/cm/cmmi7.pfb><c:/t
exlive/2021/texmf-dist/fonts/type1/public/amsfonts/cm/cmr10.pfb><c:/texlive/202
1/texmf-dist/fonts/type1/public/amsfonts/cm/cmr5.pfb><c:/texlive/2021/texmf-dis
t/fonts/type1/public/amsfonts/cm/cmr7.pfb><c:/texlive/2021/texmf-dist/fonts/typ
e1/public/amsfonts/cm/cmsy10.pfb><c:/texlive/2021/texmf-dist/fonts/type1/public
/amsfonts/cm/cmsy7.pfb><c:/texlive/2021/texmf-dist/fonts/type1/public/nanumtype
1/nanummjbad.pfb><c:/texlive/2021/texmf-dist/fonts/type1/public/nanumtype1/nanu
mmjbb3.pfb><c:/texlive/2021/texmf-dist/fonts/type1/public/nanumtype1/nanummjbc7
.pfb><c:/texlive/2021/texmf-dist/fonts/type1/public/nanumtype1/nanummjbd3.pfb><
c:/texlive/2021/texmf-dist/fonts/type1/public/nanumtype1/nanummjmac.pfb><c:/tex
live/2021/texmf-dist/fonts/type1/public/nanumtype1/nanummjmad.pfb><c:/texlive/2
021/texmf-dist/fonts/type1/public/nanumtype1/nanummjmae.pfb><c:/texlive/2021/te
xmf-dist/fonts/type1/public/nanumtype1/nanummjmb1.pfb><c:/texlive/2021/texmf-di
st/fonts/type1/public/nanumtype1/nanummjmb2.pfb><c:/texlive/2021/texmf-dist/fon
ts/type1/public/nanumtype1/nanummjmb3.pfb><c:/texlive/2021/texmf-dist/fonts/typ
e1/public/nanumtype1/nanummjmb4.pfb><c:/texlive/2021/texmf-dist/fonts/type1/pub
lic/nanumtype1/nanummjmb5.pfb><c:/texlive/2021/texmf-dist/fonts/type1/public/na
numtype1/nanummjmb7.pfb><c:/texlive/2021/texmf-dist/fonts/type1/public/nanumtyp
e1/nanummjmb8.pfb><c:/texlive/2021/texmf-dist/fonts/type1/public/nanumtype1/nan
ummjmb9.pfb><c:/texlive/2021/texmf-dist/fonts/type1/public/nanumtype1/nanummjmb
a.pfb><c:/texlive/2021/texmf-dist/fonts/type1/public/nanumtype1/nanummjmbb.pfb>
<c:/texlive/2021/texmf-dist/fonts/type1/public/nanumtype1/nanummjmbc.pfb><c:/te
xlive/2021/texmf-dist/fonts/type1/public/nanumtype1/nanummjmc0.pfb><c:/texlive/
2021/texmf-dist/fonts/type1/public/nanumtype1/nanummjmc1.pfb><c:/texlive/2021/t
exmf-dist/fonts/type1/public/nanumtype1/nanummjmc2.pfb><c:/texlive/2021/texmf-d
ist/fonts/type1/public/nanumtype1/nanummjmc4.pfb><c:/texlive/2021/texmf-dist/fo
nts/type1/public/nanumtype1/nanummjmc5.pfb><c:/texlive/2021/texmf-dist/fonts/ty
pe1/public/nanumtype1/nanummjmc6.pfb><c:/texlive/2021/texmf-dist/fonts/type1/pu
blic/nanumtype1/nanummjmc7.pfb><c:/texlive/2021/texmf-dist/fonts/type1/public/n
anumtype1/nanummjmc8.pfb><c:/texlive/2021/texmf-dist/fonts/type1/public/nanumty
pe1/nanummjmce.pfb><c:/texlive/2021/texmf-dist/fonts/type1/public/nanumtype1/na
nummjmd0.pfb><c:/texlive/2021/texmf-dist/fonts/type1/public/nanumtype1/nanummjm
d3.pfb><c:/texlive/2021/texmf-dist/fonts/type1/public/nanumtype1/nanummjmd4.pfb
><c:/texlive/2021/texmf-dist/fonts/type1/public/nanumtype1/nanummjmd5.pfb><c:/t
exlive/2021/texmf-dist/fonts/type1/public/nanumtype1/nanummjmd6.pfb>
Output written on 0907_moving_average.pdf (1 page, 1436021 bytes).
PDF statistics:
 204 PDF objects out of 1000 (max. 8388607)
 121 compressed objects within 2 object streams
 0 named destinations out of 1000 (max. 500000)
 1 words of extra memory for PDF output out of 10000 (max. 10000000)

